-------------------------------------------------------------------------------
Test set: il.ac.technion.geoinfo.datalayer.graph.SpatialStorageGraphImplTest
-------------------------------------------------------------------------------
Tests run: 2, Failures: 0, Errors: 2, Skipped: 0, Time elapsed: 43.543 sec <<< FAILURE!
testAddSpatialEntity(il.ac.technion.geoinfo.datalayer.graph.SpatialStorageGraphImplTest)  Time elapsed: 22.276 sec  <<< ERROR!
com.sun.jersey.api.client.ClientHandlerException: java.net.ConnectException: Connection timed out: connect
	at com.sun.jersey.client.urlconnection.URLConnectionClientHandler.handle(URLConnectionClientHandler.java:131)
	at org.neo4j.rest.graphdb.UserAgent$1.handle(UserAgent.java:68)
	at com.sun.jersey.api.client.Client.handle(Client.java:616)
	at com.sun.jersey.api.client.WebResource.handle(WebResource.java:559)
	at com.sun.jersey.api.client.WebResource.access$200(WebResource.java:72)
	at com.sun.jersey.api.client.WebResource$Builder.get(WebResource.java:454)
	at org.neo4j.rest.graphdb.ExecutingRestRequest.get(ExecutingRestRequest.java:112)
	at org.neo4j.rest.graphdb.ExecutingRestAPI.getReferenceNode(ExecutingRestAPI.java:263)
	at org.neo4j.rest.graphdb.RestAPIFacade.getReferenceNode(RestAPIFacade.java:107)
	at org.neo4j.rest.graphdb.RestGraphDatabase.getReferenceNode(RestGraphDatabase.java:68)
	at org.neo4j.gis.spatial.SpatialDatabaseService.getSpatialRoot(SpatialDatabaseService.java:86)
	at org.neo4j.gis.spatial.SpatialDatabaseService.getLayer(SpatialDatabaseService.java:107)
	at org.neo4j.gis.spatial.SpatialDatabaseService.containsLayer(SpatialDatabaseService.java:245)
	at il.ac.technion.geoinfo.datalayer.graph.SpatialStorageGraphImpl.levelsInit(SpatialStorageGraphImpl.java:51)
	at il.ac.technion.geoinfo.datalayer.graph.SpatialStorageGraphImpl.<init>(SpatialStorageGraphImpl.java:45)
	at il.ac.technion.geoinfo.datalayer.graph.SSNgraphImpl.<init>(SSNgraphImpl.java:30)
	at il.ac.technion.geoinfo.datalayer.graph.SpatialStorageGraphImplTest.testAddSpatialEntity(SpatialStorageGraphImplTest.java:74)
	at sun.reflect.NativeMethodAccessorImpl.invoke0(Native Method)
	at sun.reflect.NativeMethodAccessorImpl.invoke(NativeMethodAccessorImpl.java:57)
	at sun.reflect.DelegatingMethodAccessorImpl.invoke(DelegatingMethodAccessorImpl.java:43)
	at java.lang.reflect.Method.invoke(Method.java:601)
	at org.junit.runners.model.FrameworkMethod$1.runReflectiveCall(FrameworkMethod.java:44)
	at org.junit.internal.runners.model.ReflectiveCallable.run(ReflectiveCallable.java:15)
	at org.junit.runners.model.FrameworkMethod.invokeExplosively(FrameworkMethod.java:41)
	at org.junit.internal.runners.statements.InvokeMethod.evaluate(InvokeMethod.java:20)
	at org.junit.internal.runners.statements.RunBefores.evaluate(RunBefores.java:28)
	at org.junit.internal.runners.statements.RunAfters.evaluate(RunAfters.java:31)
	at org.junit.runners.BlockJUnit4ClassRunner.runChild(BlockJUnit4ClassRunner.java:76)
	at org.junit.runners.BlockJUnit4ClassRunner.runChild(BlockJUnit4ClassRunner.java:50)
	at org.junit.runners.ParentRunner$3.run(ParentRunner.java:193)
	at org.junit.runners.ParentRunner$1.schedule(ParentRunner.java:52)
	at org.junit.runners.ParentRunner.runChildren(ParentRunner.java:191)
	at org.junit.runners.ParentRunner.access$000(ParentRunner.java:42)
	at org.junit.runners.ParentRunner$2.evaluate(ParentRunner.java:184)
	at org.junit.runners.ParentRunner.run(ParentRunner.java:236)
	at org.apache.maven.surefire.junit4.JUnit4TestSet.execute(JUnit4TestSet.java:53)
	at org.apache.maven.surefire.junit4.JUnit4Provider.executeTestSet(JUnit4Provider.java:123)
	at org.apache.maven.surefire.junit4.JUnit4Provider.invoke(JUnit4Provider.java:104)
	at sun.reflect.NativeMethodAccessorImpl.invoke0(Native Method)
	at sun.reflect.NativeMethodAccessorImpl.invoke(NativeMethodAccessorImpl.java:57)
	at sun.reflect.DelegatingMethodAccessorImpl.invoke(DelegatingMethodAccessorImpl.java:43)
	at java.lang.reflect.Method.invoke(Method.java:601)
	at org.apache.maven.surefire.util.ReflectionUtils.invokeMethodWithArray(ReflectionUtils.java:164)
	at org.apache.maven.surefire.booter.ProviderFactory$ProviderProxy.invoke(ProviderFactory.java:110)
	at org.apache.maven.surefire.booter.SurefireStarter.invokeProvider(SurefireStarter.java:175)
	at org.apache.maven.surefire.booter.SurefireStarter.runSuitesInProcessWhenForked(SurefireStarter.java:107)
	at org.apache.maven.surefire.booter.ForkedBooter.main(ForkedBooter.java:68)
Caused by: java.net.ConnectException: Connection timed out: connect
	at java.net.DualStackPlainSocketImpl.waitForConnect(Native Method)
	at java.net.DualStackPlainSocketImpl.socketConnect(DualStackPlainSocketImpl.java:75)
	at java.net.AbstractPlainSocketImpl.doConnect(AbstractPlainSocketImpl.java:339)
	at java.net.AbstractPlainSocketImpl.connectToAddress(AbstractPlainSocketImpl.java:200)
	at java.net.AbstractPlainSocketImpl.connect(AbstractPlainSocketImpl.java:182)
	at java.net.PlainSocketImpl.connect(PlainSocketImpl.java:157)
	at java.net.SocksSocketImpl.connect(SocksSocketImpl.java:391)
	at java.net.Socket.connect(Socket.java:579)
	at sun.net.NetworkClient.doConnect(NetworkClient.java:175)
	at sun.net.www.http.HttpClient.openServer(HttpClient.java:388)
	at sun.net.www.http.HttpClient.openServer(HttpClient.java:483)
	at sun.net.www.http.HttpClient.<init>(HttpClient.java:213)
	at sun.net.www.http.HttpClient.New(HttpClient.java:300)
	at sun.net.www.http.HttpClient.New(HttpClient.java:316)
	at sun.net.www.protocol.http.HttpURLConnection.getNewHttpClient(HttpURLConnection.java:992)
	at sun.net.www.protocol.http.HttpURLConnection.plainConnect(HttpURLConnection.java:928)
	at sun.net.www.protocol.http.HttpURLConnection.connect(HttpURLConnection.java:846)
	at sun.net.www.protocol.http.HttpURLConnection.getInputStream(HttpURLConnection.java:1296)
	at java.net.HttpURLConnection.getResponseCode(HttpURLConnection.java:468)
	at com.sun.jersey.client.urlconnection.URLConnectionClientHandler._invoke(URLConnectionClientHandler.java:218)
	at com.sun.jersey.client.urlconnection.URLConnectionClientHandler.handle(URLConnectionClientHandler.java:129)
	... 46 more
test1(il.ac.technion.geoinfo.datalayer.graph.SpatialStorageGraphImplTest)  Time elapsed: 21.13 sec  <<< ERROR!
com.sun.jersey.api.client.ClientHandlerException: java.net.ConnectException: Connection timed out: connect
	at com.sun.jersey.client.urlconnection.URLConnectionClientHandler.handle(URLConnectionClientHandler.java:131)
	at org.neo4j.rest.graphdb.UserAgent$1.handle(UserAgent.java:68)
	at com.sun.jersey.api.client.Client.handle(Client.java:616)
	at com.sun.jersey.api.client.WebResource.handle(WebResource.java:559)
	at com.sun.jersey.api.client.WebResource.access$200(WebResource.java:72)
	at com.sun.jersey.api.client.WebResource$Builder.get(WebResource.java:454)
	at org.neo4j.rest.graphdb.ExecutingRestRequest.get(ExecutingRestRequest.java:112)
	at org.neo4j.rest.graphdb.ExecutingRestAPI.getReferenceNode(ExecutingRestAPI.java:263)
	at org.neo4j.rest.graphdb.RestAPIFacade.getReferenceNode(RestAPIFacade.java:107)
	at org.neo4j.rest.graphdb.RestGraphDatabase.getReferenceNode(RestGraphDatabase.java:68)
	at il.ac.technion.geoinfo.datalayer.graph.SpatialStorageGraphImplTest.test1(SpatialStorageGraphImplTest.java:53)
	at sun.reflect.NativeMethodAccessorImpl.invoke0(Native Method)
	at sun.reflect.NativeMethodAccessorImpl.invoke(NativeMethodAccessorImpl.java:57)
	at sun.reflect.DelegatingMethodAccessorImpl.invoke(DelegatingMethodAccessorImpl.java:43)
	at java.lang.reflect.Method.invoke(Method.java:601)
	at org.junit.runners.model.FrameworkMethod$1.runReflectiveCall(FrameworkMethod.java:44)
	at org.junit.internal.runners.model.ReflectiveCallable.run(ReflectiveCallable.java:15)
	at org.junit.runners.model.FrameworkMethod.invokeExplosively(FrameworkMethod.java:41)
	at org.junit.internal.runners.statements.InvokeMethod.evaluate(InvokeMethod.java:20)
	at org.junit.internal.runners.statements.RunBefores.evaluate(RunBefores.java:28)
	at org.junit.internal.runners.statements.RunAfters.evaluate(RunAfters.java:31)
	at org.junit.runners.BlockJUnit4ClassRunner.runChild(BlockJUnit4ClassRunner.java:76)
	at org.junit.runners.BlockJUnit4ClassRunner.runChild(BlockJUnit4ClassRunner.java:50)
	at org.junit.runners.ParentRunner$3.run(ParentRunner.java:193)
	at org.junit.runners.ParentRunner$1.schedule(ParentRunner.java:52)
	at org.junit.runners.ParentRunner.runChildren(ParentRunner.java:191)
	at org.junit.runners.ParentRunner.access$000(ParentRunner.java:42)
	at org.junit.runners.ParentRunner$2.evaluate(ParentRunner.java:184)
	at org.junit.runners.ParentRunner.run(ParentRunner.java:236)
	at org.apache.maven.surefire.junit4.JUnit4TestSet.execute(JUnit4TestSet.java:53)
	at org.apache.maven.surefire.junit4.JUnit4Provider.executeTestSet(JUnit4Provider.java:123)
	at org.apache.maven.surefire.junit4.JUnit4Provider.invoke(JUnit4Provider.java:104)
	at sun.reflect.NativeMethodAccessorImpl.invoke0(Native Method)
	at sun.reflect.NativeMethodAccessorImpl.invoke(NativeMethodAccessorImpl.java:57)
	at sun.reflect.DelegatingMethodAccessorImpl.invoke(DelegatingMethodAccessorImpl.java:43)
	at java.lang.reflect.Method.invoke(Method.java:601)
	at org.apache.maven.surefire.util.ReflectionUtils.invokeMethodWithArray(ReflectionUtils.java:164)
	at org.apache.maven.surefire.booter.ProviderFactory$ProviderProxy.invoke(ProviderFactory.java:110)
	at org.apache.maven.surefire.booter.SurefireStarter.invokeProvider(SurefireStarter.java:175)
	at org.apache.maven.surefire.booter.SurefireStarter.runSuitesInProcessWhenForked(SurefireStarter.java:107)
	at org.apache.maven.surefire.booter.ForkedBooter.main(ForkedBooter.java:68)
Caused by: java.net.ConnectException: Connection timed out: connect
	at java.net.DualStackPlainSocketImpl.waitForConnect(Native Method)
	at java.net.DualStackPlainSocketImpl.socketConnect(DualStackPlainSocketImpl.java:75)
	at java.net.AbstractPlainSocketImpl.doConnect(AbstractPlainSocketImpl.java:339)
	at java.net.AbstractPlainSocketImpl.connectToAddress(AbstractPlainSocketImpl.java:200)
	at java.net.AbstractPlainSocketImpl.connect(AbstractPlainSocketImpl.java:182)
	at java.net.PlainSocketImpl.connect(PlainSocketImpl.java:157)
	at java.net.SocksSocketImpl.connect(SocksSocketImpl.java:391)
	at java.net.Socket.connect(Socket.java:579)
	at sun.net.NetworkClient.doConnect(NetworkClient.java:175)
	at sun.net.www.http.HttpClient.openServer(HttpClient.java:388)
	at sun.net.www.http.HttpClient.openServer(HttpClient.java:483)
	at sun.net.www.http.HttpClient.<init>(HttpClient.java:213)
	at sun.net.www.http.HttpClient.New(HttpClient.java:300)
	at sun.net.www.http.HttpClient.New(HttpClient.java:316)
	at sun.net.www.protocol.http.HttpURLConnection.getNewHttpClient(HttpURLConnection.java:992)
	at sun.net.www.protocol.http.HttpURLConnection.plainConnect(HttpURLConnection.java:928)
	at sun.net.www.protocol.http.HttpURLConnection.connect(HttpURLConnection.java:846)
	at sun.net.www.protocol.http.HttpURLConnection.getInputStream(HttpURLConnection.java:1296)
	at java.net.HttpURLConnection.getResponseCode(HttpURLConnection.java:468)
	at com.sun.jersey.client.urlconnection.URLConnectionClientHandler._invoke(URLConnectionClientHandler.java:218)
	at com.sun.jersey.client.urlconnection.URLConnectionClientHandler.handle(URLConnectionClientHandler.java:129)
	... 40 more
